2019-08-15 13:18:32,574 [main] INFO  org.mule.module.launcher.application.DefaultMuleApplication - 
++++++++++++++++++++++++++++++++++++++++++++++++++++++++++++
+ Initializing app 'spaceships'                            +
++++++++++++++++++++++++++++++++++++++++++++++++++++++++++++
2019-08-15 13:18:32,643 [main] INFO  org.mule.lifecycle.AbstractLifecycleManager - Initialising RegistryBroker
2019-08-15 13:18:32,708 [main] INFO  org.mule.module.extension.internal.manager.DefaultExtensionManager - Starting discovery of extensions
2019-08-15 13:18:32,770 [main] INFO  org.mule.module.extension.internal.manager.DefaultExtensionManager - Discovered 1 extensions
2019-08-15 13:18:32,770 [main] INFO  org.mule.module.extension.internal.manager.DefaultExtensionManager - Registering extension validation (version 3.9)
2019-08-15 13:18:32,942 [main] INFO  org.mule.config.spring.MuleArtifactContext - Refreshing org.mule.config.spring.MuleArtifactContext@35d6ca49: startup date [Thu Aug 15 13:18:32 EDT 2019]; root of context hierarchy
2019-08-15 13:18:33,725 [main] INFO  org.mule.config.spring.processors.NoDevkitInjectorProcessor - JSR-330 'javax.inject.Inject' annotation found and supported for autowiring
2019-08-15 13:18:34,270 [main] WARN  org.mule.module.ognl.expression.OgnlExpressionEvaluator - OGNL module is deprecated and will be removed in Mule 4.0. Use MEL expressions instead.
2019-08-15 13:18:34,528 [main] INFO  org.mule.util.journal.TransactionJournal - Using files for tx logs /Users/alexp/Desktop/My_projects/MS3/MuleSoft/.mule/./.mule/spaceships/queue-tx-log/tx1.log and /Users/alexp/Desktop/My_projects/MS3/MuleSoft/.mule/./.mule/spaceships/queue-tx-log/tx2.log
2019-08-15 13:18:34,536 [main] INFO  org.mule.util.journal.TransactionJournal - Using files for tx logs /Users/alexp/Desktop/My_projects/MS3/MuleSoft/.mule/./.mule/spaceships/queue-xa-tx-log/tx1.log and /Users/alexp/Desktop/My_projects/MS3/MuleSoft/.mule/./.mule/spaceships/queue-xa-tx-log/tx2.log
2019-08-15 13:18:34,591 [main] INFO  org.mule.lifecycle.AbstractLifecycleManager - Initialising model: _muleSystemModel
2019-08-15 13:18:34,594 [main] INFO  org.mule.construct.FlowConstructLifecycleManager - Initialising flow: SpaceSips-main
2019-08-15 13:18:34,595 [main] INFO  org.mule.module.apikit.MappingExceptionListener - Initialising exception listener: MappingExceptionListener{statusCode=404, exceptions=[org.mule.module.apikit.exception.NotFoundException]}
2019-08-15 13:18:34,597 [main] INFO  org.mule.module.apikit.MappingExceptionListener - Initialising exception listener: MappingExceptionListener{statusCode=405, exceptions=[org.mule.module.apikit.exception.MethodNotAllowedException]}
2019-08-15 13:18:34,598 [main] INFO  org.mule.module.apikit.MappingExceptionListener - Initialising exception listener: MappingExceptionListener{statusCode=415, exceptions=[org.mule.module.apikit.exception.UnsupportedMediaTypeException]}
2019-08-15 13:18:34,598 [main] INFO  org.mule.module.apikit.MappingExceptionListener - Initialising exception listener: MappingExceptionListener{statusCode=406, exceptions=[org.mule.module.apikit.exception.NotAcceptableException]}
2019-08-15 13:18:34,598 [main] INFO  org.mule.module.apikit.MappingExceptionListener - Initialising exception listener: MappingExceptionListener{statusCode=400, exceptions=[org.mule.module.apikit.exception.BadRequestException]}
2019-08-15 13:18:34,613 [main] INFO  org.mule.processor.SedaStageLifecycleManager - Initialising service: SpaceSips-main.stage1
2019-08-15 13:18:34,619 [main] INFO  org.mule.construct.FlowConstructLifecycleManager - Initialising flow: SpaceSips-console
2019-08-15 13:18:34,619 [main] INFO  org.mule.exception.DefaultMessagingExceptionStrategy - Initialising exception listener: org.mule.exception.DefaultMessagingExceptionStrategy@4cad79bc
2019-08-15 13:18:34,621 [main] INFO  org.mule.processor.SedaStageLifecycleManager - Initialising service: SpaceSips-console.stage1
2019-08-15 13:18:34,623 [main] INFO  org.mule.construct.FlowConstructLifecycleManager - Initialising flow: put:/ships/{idShip}/members/{idMember}:application/json:SpaceSips-config
2019-08-15 13:18:34,623 [main] INFO  org.mule.exception.DefaultMessagingExceptionStrategy - Initialising exception listener: org.mule.exception.DefaultMessagingExceptionStrategy@3af58f76
2019-08-15 13:18:34,626 [main] INFO  org.mule.processor.SedaStageLifecycleManager - Initialising service: put:/ships/{idShip}/members/{idMember}:application/json:SpaceSips-config.stage1
2019-08-15 13:18:34,626 [main] INFO  org.mule.construct.FlowConstructLifecycleManager - Initialising flow: put:/ships/{idShip}:application/json:SpaceSips-config
2019-08-15 13:18:34,626 [main] INFO  org.mule.exception.DefaultMessagingExceptionStrategy - Initialising exception listener: org.mule.exception.DefaultMessagingExceptionStrategy@80b122b
2019-08-15 13:18:34,628 [main] INFO  org.mule.processor.SedaStageLifecycleManager - Initialising service: put:/ships/{idShip}:application/json:SpaceSips-config.stage1
2019-08-15 13:18:34,628 [main] INFO  org.mule.construct.FlowConstructLifecycleManager - Initialising flow: delete:/ships/{idShip}:SpaceSips-config
2019-08-15 13:18:34,628 [main] INFO  org.mule.exception.DefaultMessagingExceptionStrategy - Initialising exception listener: org.mule.exception.DefaultMessagingExceptionStrategy@fa5f81c
2019-08-15 13:18:34,629 [main] INFO  org.mule.processor.SedaStageLifecycleManager - Initialising service: delete:/ships/{idShip}:SpaceSips-config.stage1
2019-08-15 13:18:34,630 [main] INFO  org.mule.construct.FlowConstructLifecycleManager - Initialising flow: delete:/ships/{idShip}/members/{idMember}:SpaceSips-config
2019-08-15 13:18:34,630 [main] INFO  org.mule.exception.DefaultMessagingExceptionStrategy - Initialising exception listener: org.mule.exception.DefaultMessagingExceptionStrategy@5a917723
2019-08-15 13:18:34,632 [main] INFO  org.mule.processor.SedaStageLifecycleManager - Initialising service: delete:/ships/{idShip}/members/{idMember}:SpaceSips-config.stage1
2019-08-15 13:18:34,632 [main] INFO  org.mule.construct.FlowConstructLifecycleManager - Initialising flow: get:/ships:SpaceSips-config
2019-08-15 13:18:34,632 [main] INFO  org.mule.exception.DefaultMessagingExceptionStrategy - Initialising exception listener: org.mule.exception.DefaultMessagingExceptionStrategy@53ce2392
2019-08-15 13:18:34,635 [main] INFO  org.mule.processor.SedaStageLifecycleManager - Initialising service: get:/ships:SpaceSips-config.stage1
2019-08-15 13:18:34,635 [main] INFO  org.mule.construct.FlowConstructLifecycleManager - Initialising flow: get:/ships/{idShip}:SpaceSips-config
2019-08-15 13:18:34,635 [main] INFO  org.mule.exception.DefaultMessagingExceptionStrategy - Initialising exception listener: org.mule.exception.DefaultMessagingExceptionStrategy@3b4825f0
2019-08-15 13:18:34,637 [main] INFO  org.mule.processor.SedaStageLifecycleManager - Initialising service: get:/ships/{idShip}:SpaceSips-config.stage1
2019-08-15 13:18:34,637 [main] INFO  org.mule.construct.FlowConstructLifecycleManager - Initialising flow: get:/ships/{idShip}/members:SpaceSips-config
2019-08-15 13:18:34,637 [main] INFO  org.mule.exception.DefaultMessagingExceptionStrategy - Initialising exception listener: org.mule.exception.DefaultMessagingExceptionStrategy@682abca7
2019-08-15 13:18:34,639 [main] INFO  org.mule.processor.SedaStageLifecycleManager - Initialising service: get:/ships/{idShip}/members:SpaceSips-config.stage1
2019-08-15 13:18:34,639 [main] INFO  org.mule.construct.FlowConstructLifecycleManager - Initialising flow: post:/ships/{idShip}/members:application/json:SpaceSips-config
2019-08-15 13:18:34,639 [main] INFO  org.mule.exception.DefaultMessagingExceptionStrategy - Initialising exception listener: org.mule.exception.DefaultMessagingExceptionStrategy@35ef439e
2019-08-15 13:18:34,641 [main] INFO  org.mule.processor.SedaStageLifecycleManager - Initialising service: post:/ships/{idShip}/members:application/json:SpaceSips-config.stage1
2019-08-15 13:18:34,641 [main] INFO  org.mule.construct.FlowConstructLifecycleManager - Initialising flow: post:/ships:application/json:SpaceSips-config
2019-08-15 13:18:34,641 [main] INFO  org.mule.exception.DefaultMessagingExceptionStrategy - Initialising exception listener: org.mule.exception.DefaultMessagingExceptionStrategy@2abbd0d9
2019-08-15 13:18:34,643 [main] INFO  org.mule.processor.SedaStageLifecycleManager - Initialising service: post:/ships:application/json:SpaceSips-config.stage1
2019-08-15 13:18:35,148 [main] INFO  org.mule.module.apikit.Configuration - Building resource URI cache...
2019-08-15 13:18:35,278 [main] INFO  org.mule.config.spring.SpringXmlConfigurationBuilder - Configured Mule using "org.mule.config.spring.SpringXmlConfigurationBuilder" with configuration resource(s): "[ConfigResource{resourceName='/Users/alexp/Desktop/My_projects/MS3/MuleSoft/.mule/apps/spaceships/SpaceSips.xml'}]"
2019-08-15 13:18:35,278 [main] INFO  org.mule.config.builders.AutoConfigurationBuilder - Configured Mule using "org.mule.config.builders.AutoConfigurationBuilder" with configuration resource(s): "[ConfigResource{resourceName='/Users/alexp/Desktop/My_projects/MS3/MuleSoft/.mule/apps/spaceships/SpaceSips.xml'}]"
2019-08-15 13:18:35,281 [main] INFO  com.mulesoft.module.policies.lifecyle.GateKeeper - GateKeeper Mode: DISABLED
2019-08-15 13:18:35,281 [main] INFO  org.mule.module.launcher.application.DefaultMuleApplication - 
++++++++++++++++++++++++++++++++++++++++++++++++++++++++++++
+ Starting app 'spaceships'                                +
++++++++++++++++++++++++++++++++++++++++++++++++++++++++++++
2019-08-15 13:18:35,288 [main] INFO  org.mule.util.queue.QueueXaResourceManager - Starting ResourceManager
2019-08-15 13:18:35,288 [main] INFO  org.mule.util.queue.QueueXaResourceManager - Started ResourceManager
2019-08-15 13:18:35,326 [main] INFO  org.mule.module.http.internal.listener.DefaultHttpListenerConfig - Listening for requests on http://0.0.0.0:8081
2019-08-15 13:18:35,328 [main] INFO  org.mule.lifecycle.AbstractLifecycleManager - Starting model: _muleSystemModel
2019-08-15 13:18:35,329 [main] INFO  org.mule.construct.FlowConstructLifecycleManager - Starting flow: SpaceSips-main
2019-08-15 13:18:35,330 [main] INFO  org.mule.processor.SedaStageLifecycleManager - Starting service: SpaceSips-main.stage1
2019-08-15 13:18:35,335 [main] INFO  org.mule.module.apikit.Configuration - 
********************************************************************************
* APIKit Console URL: http://127.0.0.1:8081/console                            *
********************************************************************************
2019-08-15 13:18:35,335 [main] INFO  org.mule.construct.FlowConstructLifecycleManager - Starting flow: SpaceSips-console
2019-08-15 13:18:35,335 [main] INFO  org.mule.processor.SedaStageLifecycleManager - Starting service: SpaceSips-console.stage1
2019-08-15 13:18:35,336 [main] INFO  org.mule.construct.FlowConstructLifecycleManager - Starting flow: put:/ships/{idShip}/members/{idMember}:application/json:SpaceSips-config
2019-08-15 13:18:35,336 [main] INFO  org.mule.processor.SedaStageLifecycleManager - Starting service: put:/ships/{idShip}/members/{idMember}:application/json:SpaceSips-config.stage1
2019-08-15 13:18:35,337 [main] INFO  org.mule.construct.FlowConstructLifecycleManager - Starting flow: put:/ships/{idShip}:application/json:SpaceSips-config
2019-08-15 13:18:35,337 [main] INFO  org.mule.processor.SedaStageLifecycleManager - Starting service: put:/ships/{idShip}:application/json:SpaceSips-config.stage1
2019-08-15 13:18:35,339 [main] INFO  org.mule.construct.FlowConstructLifecycleManager - Starting flow: delete:/ships/{idShip}:SpaceSips-config
2019-08-15 13:18:35,339 [main] INFO  org.mule.processor.SedaStageLifecycleManager - Starting service: delete:/ships/{idShip}:SpaceSips-config.stage1
2019-08-15 13:18:35,340 [main] INFO  org.mule.construct.FlowConstructLifecycleManager - Starting flow: delete:/ships/{idShip}/members/{idMember}:SpaceSips-config
2019-08-15 13:18:35,340 [main] INFO  org.mule.processor.SedaStageLifecycleManager - Starting service: delete:/ships/{idShip}/members/{idMember}:SpaceSips-config.stage1
2019-08-15 13:18:35,341 [main] INFO  org.mule.construct.FlowConstructLifecycleManager - Starting flow: get:/ships:SpaceSips-config
2019-08-15 13:18:35,341 [main] INFO  org.mule.processor.SedaStageLifecycleManager - Starting service: get:/ships:SpaceSips-config.stage1
2019-08-15 13:18:35,342 [main] INFO  org.mule.construct.FlowConstructLifecycleManager - Starting flow: get:/ships/{idShip}:SpaceSips-config
2019-08-15 13:18:35,343 [main] INFO  org.mule.processor.SedaStageLifecycleManager - Starting service: get:/ships/{idShip}:SpaceSips-config.stage1
2019-08-15 13:18:35,344 [main] INFO  org.mule.construct.FlowConstructLifecycleManager - Starting flow: get:/ships/{idShip}/members:SpaceSips-config
2019-08-15 13:18:35,344 [main] INFO  org.mule.processor.SedaStageLifecycleManager - Starting service: get:/ships/{idShip}/members:SpaceSips-config.stage1
2019-08-15 13:18:35,345 [main] INFO  org.mule.construct.FlowConstructLifecycleManager - Starting flow: post:/ships/{idShip}/members:application/json:SpaceSips-config
2019-08-15 13:18:35,345 [main] INFO  org.mule.processor.SedaStageLifecycleManager - Starting service: post:/ships/{idShip}/members:application/json:SpaceSips-config.stage1
2019-08-15 13:18:35,347 [main] INFO  org.mule.construct.FlowConstructLifecycleManager - Starting flow: post:/ships:application/json:SpaceSips-config
2019-08-15 13:18:35,347 [main] INFO  org.mule.processor.SedaStageLifecycleManager - Starting service: post:/ships:application/json:SpaceSips-config.stage1
2019-08-15 13:18:35,367 [main] INFO  org.mule.module.management.agent.WrapperManagerAgent - This JVM hasn't been launched by the wrapper, the agent will not run.
2019-08-15 13:18:35,405 [main] INFO  org.mule.DefaultMuleContext - 
**********************************************************************
* Application: spaceships                                            *
* OS encoding: /, Mule encoding: UTF-8                               *
*                                                                    *
* Agents Running:                                                    *
*   JMX Agent                                                        *
*   Batch module default engine                                      *
*   Wrapper Manager                                                  *
**********************************************************************
2019-08-15 13:19:33,695 [[spaceships].SpaceSips-httpListenerConfig.worker.06] INFO  org.mule.module.http.internal.listener.HttpListenerRegistry - No listener found for request: (GET)/
2019-08-15 13:19:33,695 [[spaceships].SpaceSips-httpListenerConfig.worker.06] INFO  org.mule.module.http.internal.listener.HttpListenerRegistry - Available listeners are: [(*)/console/*, (*)/api/*]
2019-08-15 13:19:34,071 [[spaceships].SpaceSips-httpListenerConfig.worker.06] INFO  org.mule.module.http.internal.listener.HttpListenerRegistry - No listener found for request: (GET)/favicon.ico
2019-08-15 13:19:34,071 [[spaceships].SpaceSips-httpListenerConfig.worker.06] INFO  org.mule.module.http.internal.listener.HttpListenerRegistry - Available listeners are: [(*)/console/*, (*)/api/*]
